Streaming transaction logs mentioning ExK2eiLi3Gvanrk1ME8Cx2dCqhSRHmHNABsotJic29pL. Confirmed commitment
Transaction executed in slot 6:
  Signature: 5wr6XDoE7d7WDv1PY4PXPvb2XmZvRhcGQrsqD2Y3kzH1PCvzfhjks1ANignhZsRrgK18VkyQjeLjaMDyPnH9Z1wH
  Status: Ok
  Log Messages:
    Program 11111111111111111111111111111111 invoke [1]
    Program 11111111111111111111111111111111 success
    Program ExK2eiLi3Gvanrk1ME8Cx2dCqhSRHmHNABsotJic29pL invoke [1]
    Program 11111111111111111111111111111111 invoke [2]
    Program 11111111111111111111111111111111 success
    Program 11111111111111111111111111111111 invoke [2]
    Program 11111111111111111111111111111111 success
    Program log: zq+p0PHSI92wbgMZYRpBEH95ZPjKQ6QsXHxSnJ93Gv5vNbHVHaHj/A==
    Program ExK2eiLi3Gvanrk1ME8Cx2dCqhSRHmHNABsotJic29pL consumed 32297 of 200000 compute units
    Program ExK2eiLi3Gvanrk1ME8Cx2dCqhSRHmHNABsotJic29pL success
Transaction executed in slot 7:
  Signature: 3yc26s5FQg8dKvYG1qfn9A6m7mzZBhE1hRhPiv41hfM6SnSyCJvaqE4D8Vzx6UGquSMBr6PohVKLuRwjqrybbJJT
  Status: Ok
  Log Messages:
    Program ExK2eiLi3Gvanrk1ME8Cx2dCqhSRHmHNABsotJic29pL invoke [1]
    Program log: EjCiDAttGGewbgMZYRpBEH95ZPjKQ6QsXHxSnJ93Gv5vNbHVHaHj/J3OOMf/UvGxCvrTPHNDuqOMysGJTboqq18WHT9B64tU
    Program ExK2eiLi3Gvanrk1ME8Cx2dCqhSRHmHNABsotJic29pL consumed 8199 of 200000 compute units
    Program ExK2eiLi3Gvanrk1ME8Cx2dCqhSRHmHNABsotJic29pL success
